#
# There is insufficient memory for the Java Runtime Environment to continue.
# Native memory allocation (malloc) failed to allocate 969296 bytes for Chunk::new
# Possible reasons:
#   The system is out of physical RAM or swap space
#   The process is running with CompressedOops enabled, and the Java Heap may be blocking the growth of the native heap
# Possible solutions:
#   Reduce memory load on the system
#   Increase physical memory or swap space
#   Check if swap backing store is full
#   Decrease Java heap size (-Xmx/-Xms)
#   Decrease number of Java threads
#   Decrease Java thread stack sizes (-Xss)
#   Set larger code cache with -XX:ReservedCodeCacheSize=
#   JVM is running with Zero Based Compressed Oops mode in which the Java heap is
#     placed in the first 32GB address space. The Java Heap base address is the
#     maximum limit for the native heap growth. Please use -XX:HeapBaseMinAddress
#     to set the Java Heap base and to place the Java Heap above 32GB virtual address.
# This output file may be truncated or incomplete.
#
#  Out of Memory Error (arena.cpp:168), pid=20140, tid=13088
#
# JRE version: Java(TM) SE Runtime Environment (21.0.1+12) (build 21.0.1+12-LTS-29)
# Java VM: Java HotSpot(TM) 64-Bit Server VM (21.0.1+12-LTS-29, mixed mode, sharing, tiered, compressed oops, compressed class ptrs, g1 gc, windows-amd64)
# No core dump will be written. Minidumps are not enabled by default on client versions of Windows
#

---------------  S U M M A R Y ------------

Command Line: -Dfile.encoding=windows-1252 -Duser.country=ZA -Duser.language=en -Duser.variant LVLupServer.LevelUpServer

Host: AMD Ryzen 5 3500 6-Core Processor              , 6 cores, 15G,  Windows 11 , 64 bit Build 26100 (10.0.26100.4202)
Time: Tue Jul  1 20:09:28 2025 South Africa Standard Time elapsed time: 31.628519 seconds (0d 0h 0m 31s)

---------------  T H R E A D  ---------------

Current thread (0x000001a7758b2c40):  JavaThread "C2 CompilerThread0" daemon [_thread_in_native, id=13088, stack(0x0000005e94400000,0x0000005e94500000) (1024K)]


Current CompileTask:
C2:  31628 1269       4       sun.security.ec.ECOperations::setDouble (463 bytes)

Stack: [0x0000005e94400000,0x0000005e94500000]
Native frames: (J=compiled Java code, j=interpreted, Vv=VM code, C=native code)
V  [jvm.dll+0x6c9029]
V  [jvm.dll+0x854b81]
V  [jvm.dll+0x856e5e]
V  [jvm.dll+0x857543]
V  [jvm.dll+0x280c06]
V  [jvm.dll+0xc3ead]
V  [jvm.dll+0xc43c3]
V  [jvm.dll+0x2f3f3f]
V  [jvm.dll+0x5f40a6]
V  [jvm.dll+0x252bef]
V  [jvm.dll+0x252fbf]
V  [jvm.dll+0x24b734]
V  [jvm.dll+0x248fa3]
V  [jvm.dll+0x1c9ca1]
V  [jvm.dll+0x2586b9]
V  [jvm.dll+0x256c9a]
V  [jvm.dll+0x3ef1b6]
V  [jvm.dll+0x7fd728]
V  [jvm.dll+0x6c777d]
C  [ucrtbase.dll+0x37b0]
C  [KERNEL32.DLL+0x2e8d7]
C  [ntdll.dll+0x3c34c]


---------------  P R O C E S S  ---------------

Threads class SMR info:
_java_thread_list=0x000001a77a213c50, length=14, elements={
0x000001a7548ad410, 0x000001a7758a80c0, 0x000001a7758a8d20, 0x000001a7758ae410,
0x000001a7758aee70, 0x000001a7758b0440, 0x000001a7758b0ea0, 0x000001a7758b2c40,
0x000001a7758bff60, 0x000001a775a54620, 0x000001a775a590a0, 0x000001a775ae8eb0,
0x000001a775bfe960, 0x000001a775d607c0
}

Java Threads: ( => current thread )
  0x000001a7548ad410 JavaThread "main"                              [_thread_in_native, id=6480, stack(0x0000005e93600000,0x0000005e93700000) (1024K)]
  0x000001a7758a80c0 JavaThread "Reference Handler"          daemon [_thread_blocked, id=18864, stack(0x0000005e93e00000,0x0000005e93f00000) (1024K)]
  0x000001a7758a8d20 JavaThread "Finalizer"                  daemon [_thread_blocked, id=15556, stack(0x0000005e93f00000,0x0000005e94000000) (1024K)]
  0x000001a7758ae410 JavaThread "Signal Dispatcher"          daemon [_thread_blocked, id=24496, stack(0x0000005e94000000,0x0000005e94100000) (1024K)]
  0x000001a7758aee70 JavaThread "Attach Listener"            daemon [_thread_blocked, id=20204, stack(0x0000005e94100000,0x0000005e94200000) (1024K)]
  0x000001a7758b0440 JavaThread "Service Thread"             daemon [_thread_blocked, id=11004, stack(0x0000005e94200000,0x0000005e94300000) (1024K)]
  0x000001a7758b0ea0 JavaThread "Monitor Deflation Thread"   daemon [_thread_blocked, id=17540, stack(0x0000005e94300000,0x0000005e94400000) (1024K)]
=>0x000001a7758b2c40 JavaThread "C2 CompilerThread0"         daemon [_thread_in_native, id=13088, stack(0x0000005e94400000,0x0000005e94500000) (1024K)]
  0x000001a7758bff60 JavaThread "C1 CompilerThread0"         daemon [_thread_blocked, id=18280, stack(0x0000005e94500000,0x0000005e94600000) (1024K)]
  0x000001a775a54620 JavaThread "Notification Thread"        daemon [_thread_blocked, id=15136, stack(0x0000005e94600000,0x0000005e94700000) (1024K)]
  0x000001a775a590a0 JavaThread "Common-Cleaner"             daemon [_thread_blocked, id=3632, stack(0x0000005e94700000,0x0000005e94800000) (1024K)]
  0x000001a775ae8eb0 JavaThread "Thread-0"                          [_thread_in_vm, id=5708, stack(0x0000005e94800000,0x0000005e94900000) (1024K)]
  0x000001a775bfe960 JavaThread "Thread-1"                          [_thread_blocked, id=12576, stack(0x0000005e94900000,0x0000005e94a00000) (1024K)]
  0x000001a775d607c0 JavaThread "mysql-cj-abandoned-connection-cleanup" daemon [_thread_blocked, id=5220, stack(0x0000005e94a00000,0x0000005e94b00000) (1024K)]
Total: 14

Other Threads:
  0x000001a7758870b0 VMThread "VM Thread"                           [id=12564, stack(0x0000005e93d00000,0x0000005e93e00000) (1024K)]
  0x000001a77586d0a0 WatcherThread "VM Periodic Task Thread"        [id=20876, stack(0x0000005e93c00000,0x0000005e93d00000) (1024K)]
  0x000001a75648d8c0 WorkerThread "GC Thread#0"                     [id=11216, stack(0x0000005e93700000,0x0000005e93800000) (1024K)]
  0x000001a75649e770 ConcurrentGCThread "G1 Main Marker"            [id=24748, stack(0x0000005e93800000,0x0000005e93900000) (1024K)]
  0x000001a75649f270 WorkerThread "G1 Conc#0"                       [id=13740, stack(0x0000005e93900000,0x0000005e93a00000) (1024K)]
  0x000001a77572f550 ConcurrentGCThread "G1 Refine#0"               [id=1768, stack(0x0000005e93a00000,0x0000005e93b00000) (1024K)]
  0x000001a77572fd70 ConcurrentGCThread "G1 Service"                [id=10608, stack(0x0000005e93b00000,0x0000005e93c00000) (1024K)]
Total: 7

Threads with active compile tasks:
C2 CompilerThread0    31652 1269       4       sun.security.ec.ECOperations::setDouble (463 bytes)
Total: 1

VM state: not at safepoint (normal execution)

VM Mutex/Monitor currently owned by a thread:  ([mutex/lock_event])
[0x00007ff90c808578] Metaspace_lock - owner thread: 0x000001a775ae8eb0

Heap address: 0x0000000701200000, size: 4078 MB, Compressed Oops mode: Zero based, Oop shift amount: 3

CDS archive(s) mapped at: [0x000001a700000000-0x000001a700c90000-0x000001a700c90000), size 13172736, SharedBaseAddress: 0x000001a700000000, ArchiveRelocationMode: 1.
Compressed class space mapped at: 0x000001a701000000-0x000001a741000000, reserved size: 1073741824
Narrow klass base: 0x000001a700000000, Narrow klass shift: 0, Narrow klass range: 0x100000000

GC Precious Log:
 CardTable entry size: 512
 Card Set container configuration: InlinePtr #cards 4 size 8 Array Of Cards #cards 16 size 48 Howl #buckets 8 coarsen threshold 3686 Howl Bitmap #cards 512 size 80 coarsen threshold 460 Card regions per heap region 1 cards per card region 4096
 CPUs: 6 total, 6 available
 Memory: 16309M
 Large Page Support: Disabled
 NUMA Support: Disabled
 Compressed Oops: Enabled (Zero based)
 Heap Region Size: 2M
 Heap Min Capacity: 8M
 Heap Initial Capacity: 256M
 Heap Max Capacity: 4078M
 Pre-touch: Disabled
 Parallel Workers: 6
 Concurrent Workers: 2
 Concurrent Refinement Workers: 6
 Periodic GC: Disabled

Heap:
 garbage-first heap   total 262144K, used 16384K [0x0000000701200000, 0x0000000800000000)
  region size 2048K, 9 young (18432K), 0 survivors (0K)
 Metaspace       used 10444K, committed 10688K, reserved 1114112K
  class space    used 1110K, committed 1216K, reserved 1048576K

Heap Regions: E=young(eden), S=young(survivor), O=old, HS=humongous(starts), HC=humongous(continues), CS=collection set, F=free, TAMS=top-at-mark-start, PB=parsable bottom
|   0|0x0000000701200000, 0x0000000701200000, 0x0000000701400000|  0%| F|  |TAMS 0x0000000701200000| PB 0x0000000701200000| Untracked 
|   1|0x0000000701400000, 0x0000000701400000, 0x0000000701600000|  0%| F|  |TAMS 0x0000000701400000| PB 0x0000000701400000| Untracked 
|   2|0x0000000701600000, 0x0000000701600000, 0x0000000701800000|  0%| F|  |TAMS 0x0000000701600000| PB 0x0000000701600000| Untracked 
|   3|0x0000000701800000, 0x0000000701800000, 0x0000000701a00000|  0%| F|  |TAMS 0x0000000701800000| PB 0x0000000701800000| Untracked 
|   4|0x0000000701a00000, 0x0000000701a00000, 0x0000000701c00000|  0%| F|  |TAMS 0x0000000701a00000| PB 0x0000000701a00000| Untracked 
|   5|0x0000000701c00000, 0x0000000701c00000, 0x0000000701e00000|  0%| F|  |TAMS 0x0000000701c00000| PB 0x0000000701c00000| Untracked 
|   6|0x0000000701e00000, 0x0000000701e00000, 0x0000000702000000|  0%| F|  |TAMS 0x0000000701e00000| PB 0x0000000701e00000| Untracked 
|   7|0x0000000702000000, 0x0000000702000000, 0x0000000702200000|  0%| F|  |TAMS 0x0000000702000000| PB 0x0000000702000000| Untracked 
|   8|0x0000000702200000, 0x0000000702200000, 0x0000000702400000|  0%| F|  |TAMS 0x0000000702200000| PB 0x0000000702200000| Untracked 
|   9|0x0000000702400000, 0x0000000702400000, 0x0000000702600000|  0%| F|  |TAMS 0x0000000702400000| PB 0x0000000702400000| Untracked 
|  10|0x0000000702600000, 0x0000000702600000, 0x0000000702800000|  0%| F|  |TAMS 0x0000000702600000| PB 0x0000000702600000| Untracked 
|  11|0x0000000702800000, 0x0000000702800000, 0x0000000702a00000|  0%| F|  |TAMS 0x0000000702800000| PB 0x0000000702800000| Untracked 
|  12|0x0000000702a00000, 0x0000000702a00000, 0x0000000702c00000|  0%| F|  |TAMS 0x0000000702a00000| PB 0x0000000702a00000| Untracked 
|  13|0x0000000702c00000, 0x0000000702c00000, 0x0000000702e00000|  0%| F|  |TAMS 0x0000000702c00000| PB 0x0000000702c00000| Untracked 
|  14|0x0000000702e00000, 0x0000000702e00000, 0x0000000703000000|  0%| F|  |TAMS 0x0000000702e00000| PB 0x0000000702e00000| Untracked 
|  15|0x0000000703000000, 0x0000000703000000, 0x0000000703200000|  0%| F|  |TAMS 0x0000000703000000| PB 0x0000000703000000| Untracked 
|  16|0x0000000703200000, 0x0000000703200000, 0x0000000703400000|  0%| F|  |TAMS 0x0000000703200000| PB 0x0000000703200000| Untracked 
|  17|0x0000000703400000, 0x0000000703400000, 0x0000000703600000|  0%| F|  |TAMS 0x0000000703400000| PB 0x0000000703400000| Untracked 
|  18|0x0000000703600000, 0x0000000703600000, 0x0000000703800000|  0%| F|  |TAMS 0x0000000703600000| PB 0x0000000703600000| Untracked 
|  19|0x0000000703800000, 0x0000000703800000, 0x0000000703a00000|  0%| F|  |TAMS 0x0000000703800000| PB 0x0000000703800000| Untracked 
|  20|0x0000000703a00000, 0x0000000703a00000, 0x0000000703c00000|  0%| F|  |TAMS 0x0000000703a00000| PB 0x0000000703a00000| Untracked 
|  21|0x0000000703c00000, 0x0000000703c00000, 0x0000000703e00000|  0%| F|  |TAMS 0x0000000703c00000| PB 0x0000000703c00000| Untracked 
|  22|0x0000000703e00000, 0x0000000703e00000, 0x0000000704000000|  0%| F|  |TAMS 0x0000000703e00000| PB 0x0000000703e00000| Untracked 
|  23|0x0000000704000000, 0x0000000704000000, 0x0000000704200000|  0%| F|  |TAMS 0x0000000704000000| PB 0x0000000704000000| Untracked 
|  24|0x0000000704200000, 0x0000000704200000, 0x0000000704400000|  0%| F|  |TAMS 0x0000000704200000| PB 0x0000000704200000| Untracked 
|  25|0x0000000704400000, 0x0000000704400000, 0x0000000704600000|  0%| F|  |TAMS 0x0000000704400000| PB 0x0000000704400000| Untracked 
|  26|0x0000000704600000, 0x0000000704600000, 0x0000000704800000|  0%| F|  |TAMS 0x0000000704600000| PB 0x0000000704600000| Untracked 
|  27|0x0000000704800000, 0x0000000704800000, 0x0000000704a00000|  0%| F|  |TAMS 0x0000000704800000| PB 0x0000000704800000| Untracked 
|  28|0x0000000704a00000, 0x0000000704a00000, 0x0000000704c00000|  0%| F|  |TAMS 0x0000000704a00000| PB 0x0000000704a00000| Untracked 
|  29|0x0000000704c00000, 0x0000000704c00000, 0x0000000704e00000|  0%| F|  |TAMS 0x0000000704c00000| PB 0x0000000704c00000| Untracked 
|  30|0x0000000704e00000, 0x0000000704e00000, 0x0000000705000000|  0%| F|  |TAMS 0x0000000704e00000| PB 0x0000000704e00000| Untracked 
|  31|0x0000000705000000, 0x0000000705000000, 0x0000000705200000|  0%| F|  |TAMS 0x0000000705000000| PB 0x0000000705000000| Untracked 
|  32|0x0000000705200000, 0x0000000705200000, 0x0000000705400000|  0%| F|  |TAMS 0x0000000705200000| PB 0x0000000705200000| Untracked 
|  33|0x0000000705400000, 0x0000000705400000, 0x0000000705600000|  0%| F|  |TAMS 0x0000000705400000| PB 0x0000000705400000| Untracked 
|  34|0x0000000705600000, 0x0000000705600000, 0x0000000705800000|  0%| F|  |TAMS 0x0000000705600000| PB 0x0000000705600000| Untracked 
|  35|0x0000000705800000, 0x0000000705800000, 0x0000000705a00000|  0%| F|  |TAMS 0x0000000705800000| PB 0x0000000705800000| Untracked 
|  36|0x0000000705a00000, 0x0000000705a00000, 0x0000000705c00000|  0%| F|  |TAMS 0x0000000705a00000| PB 0x0000000705a00000| Untracked 
|  37|0x0000000705c00000, 0x0000000705c00000, 0x0000000705e00000|  0%| F|  |TAMS 0x0000000705c00000| PB 0x0000000705c00000| Untracked 
|  38|0x0000000705e00000, 0x0000000705e00000, 0x0000000706000000|  0%| F|  |TAMS 0x0000000705e00000| PB 0x0000000705e00000| Untracked 
|  39|0x0000000706000000, 0x0000000706000000, 0x0000000706200000|  0%| F|  |TAMS 0x0000000706000000| PB 0x0000000706000000| Untracked 
|  40|0x0000000706200000, 0x0000000706200000, 0x0000000706400000|  0%| F|  |TAMS 0x0000000706200000| PB 0x0000000706200000| Untracked 
|  41|0x0000000706400000, 0x0000000706400000, 0x0000000706600000|  0%| F|  |TAMS 0x0000000706400000| PB 0x0000000706400000| Untracked 
|  42|0x0000000706600000, 0x0000000706600000, 0x0000000706800000|  0%| F|  |TAMS 0x0000000706600000| PB 0x0000000706600000| Untracked 
|  43|0x0000000706800000, 0x0000000706800000, 0x0000000706a00000|  0%| F|  |TAMS 0x0000000706800000| PB 0x0000000706800000| Untracked 
|  44|0x0000000706a00000, 0x0000000706a00000, 0x0000000706c00000|  0%| F|  |TAMS 0x0000000706a00000| PB 0x0000000706a00000| Untracked 
|  45|0x0000000706c00000, 0x0000000706c00000, 0x0000000706e00000|  0%| F|  |TAMS 0x0000000706c00000| PB 0x0000000706c00000| Untracked 
|  46|0x0000000706e00000, 0x0000000706e00000, 0x0000000707000000|  0%| F|  |TAMS 0x0000000706e00000| PB 0x0000000706e00000| Untracked 
|  47|0x0000000707000000, 0x0000000707000000, 0x0000000707200000|  0%| F|  |TAMS 0x0000000707000000| PB 0x0000000707000000| Untracked 
|  48|0x0000000707200000, 0x0000000707200000, 0x0000000707400000|  0%| F|  |TAMS 0x0000000707200000| PB 0x0000000707200000| Untracked 
|  49|0x0000000707400000, 0x0000000707400000, 0x0000000707600000|  0%| F|  |TAMS 0x0000000707400000| PB 0x0000000707400000| Untracked 
|  50|0x0000000707600000, 0x0000000707600000, 0x0000000707800000|  0%| F|  |TAMS 0x0000000707600000| PB 0x0000000707600000| Untracked 
|  51|0x0000000707800000, 0x0000000707800000, 0x0000000707a00000|  0%| F|  |TAMS 0x0000000707800000| PB 0x0000000707800000| Untracked 
|  52|0x0000000707a00000, 0x0000000707a00000, 0x0000000707c00000|  0%| F|  |TAMS 0x0000000707a00000| PB 0x0000000707a00000| Untracked 
|  53|0x0000000707c00000, 0x0000000707c00000, 0x0000000707e00000|  0%| F|  |TAMS 0x0000000707c00000| PB 0x0000000707c00000| Untracked 
|  54|0x0000000707e00000, 0x0000000707e00000, 0x0000000708000000|  0%| F|  |TAMS 0x0000000707e00000| PB 0x0000000707e00000| Untracked 
|  55|0x0000000708000000, 0x0000000708000000, 0x0000000708200000|  0%| F|  |TAMS 0x0000000708000000| PB 0x0000000708000000| Untracked 
|  56|0x0000000708200000, 0x0000000708200000, 0x0000000708400000|  0%| F|  |TAMS 0x0000000708200000| PB 0x0000000708200000| Untracked 
|  57|0x0000000708400000, 0x0000000708400000, 0x0000000708600000|  0%| F|  |TAMS 0x0000000708400000| PB 0x0000000708400000| Untracked 
|  58|0x0000000708600000, 0x0000000708600000, 0x0000000708800000|  0%| F|  |TAMS 0x0000000708600000| PB 0x0000000708600000| Untracked 
|  59|0x0000000708800000, 0x0000000708800000, 0x0000000708a00000|  0%| F|  |TAMS 0x0000000708800000| PB 0x0000000708800000| Untracked 
|  60|0x0000000708a00000, 0x0000000708a00000, 0x0000000708c00000|  0%| F|  |TAMS 0x0000000708a00000| PB 0x0000000708a00000| Untracked 
|  61|0x0000000708c00000, 0x0000000708c00000, 0x0000000708e00000|  0%| F|  |TAMS 0x0000000708c00000| PB 0x0000000708c00000| Untracked 
|  62|0x0000000708e00000, 0x0000000708e00000, 0x0000000709000000|  0%| F|  |TAMS 0x0000000708e00000| PB 0x0000000708e00000| Untracked 
|  63|0x0000000709000000, 0x0000000709000000, 0x0000000709200000|  0%| F|  |TAMS 0x0000000709000000| PB 0x0000000709000000| Untracked 
|  64|0x0000000709200000, 0x0000000709200000, 0x0000000709400000|  0%| F|  |TAMS 0x0000000709200000| PB 0x0000000709200000| Untracked 
|  65|0x0000000709400000, 0x0000000709400000, 0x0000000709600000|  0%| F|  |TAMS 0x0000000709400000| PB 0x0000000709400000| Untracked 
|  66|0x0000000709600000, 0x0000000709600000, 0x0000000709800000|  0%| F|  |TAMS 0x0000000709600000| PB 0x0000000709600000| Untracked 
|  67|0x0000000709800000, 0x0000000709800000, 0x0000000709a00000|  0%| F|  |TAMS 0x0000000709800000| PB 0x0000000709800000| Untracked 
|  68|0x0000000709a00000, 0x0000000709a00000, 0x0000000709c00000|  0%| F|  |TAMS 0x0000000709a00000| PB 0x0000000709a00000| Untracked 
|  69|0x0000000709c00000, 0x0000000709c00000, 0x0000000709e00000|  0%| F|  |TAMS 0x0000000709c00000| PB 0x0000000709c00000| Untracked 
|  70|0x0000000709e00000, 0x0000000709e00000, 0x000000070a000000|  0%| F|  |TAMS 0x0000000709e00000| PB 0x0000000709e00000| Untracked 
|  71|0x000000070a000000, 0x000000070a000000, 0x000000070a200000|  0%| F|  |TAMS 0x000000070a000000| PB 0x000000070a000000| Untracked 
|  72|0x000000070a200000, 0x000000070a200000, 0x000000070a400000|  0%| F|  |TAMS 0x000000070a200000| PB 0x000000070a200000| Untracked 
|  73|0x000000070a400000, 0x000000070a400000, 0x000000070a600000|  0%| F|  |TAMS 0x000000070a400000| PB 0x000000070a400000| Untracked 
|  74|0x000000070a600000, 0x000000070a600000, 0x000000070a800000|  0%| F|  |TAMS 0x000000070a600000| PB 0x000000070a600000| Untracked 
|  75|0x000000070a800000, 0x000000070a800000, 0x000000070aa00000|  0%| F|  |TAMS 0x000000070a800000| PB 0x000000070a800000| Untracked 
|  76|0x000000070aa00000, 0x000000070aa00000, 0x000000070ac00000|  0%| F|  |TAMS 0x000000070aa00000| PB 0x000000070aa00000| Untracked 
|  77|0x000000070ac00000, 0x000000070ac00000, 0x000000070ae00000|  0%| F|  |TAMS 0x000000070ac00000| PB 0x000000070ac00000| Untracked 
|  78|0x000000070ae00000, 0x000000070ae00000, 0x000000070b000000|  0%| F|  |TAMS 0x000000070ae00000| PB 0x000000070ae00000| Untracked 
|  79|0x000000070b000000, 0x000000070b000000, 0x000000070b200000|  0%| F|  |TAMS 0x000000070b000000| PB 0x000000070b000000| Untracked 
|  80|0x000000070b200000, 0x000000070b200000, 0x000000070b400000|  0%| F|  |TAMS 0x000000070b200000| PB 0x000000070b200000| Untracked 
|  81|0x000000070b400000, 0x000000070b400000, 0x000000070b600000|  0%| F|  |TAMS 0x000000070b400000| PB 0x000000070b400000| Untracked 
|  82|0x000000070b600000, 0x000000070b600000, 0x000000070b800000|  0%| F|  |TAMS 0x000000070b600000| PB 0x000000070b600000| Untracked 
|  83|0x000000070b800000, 0x000000070b800000, 0x000000070ba00000|  0%| F|  |TAMS 0x000000070b800000| PB 0x000000070b800000| Untracked 
|  84|0x000000070ba00000, 0x000000070ba00000, 0x000000070bc00000|  0%| F|  |TAMS 0x000000070ba00000| PB 0x000000070ba00000| Untracked 
|  85|0x000000070bc00000, 0x000000070bc00000, 0x000000070be00000|  0%| F|  |TAMS 0x000000070bc00000| PB 0x000000070bc00000| Untracked 
|  86|0x000000070be00000, 0x000000070be00000, 0x000000070c000000|  0%| F|  |TAMS 0x000000070be00000| PB 0x000000070be00000| Untracked 
|  87|0x000000070c000000, 0x000000070c000000, 0x000000070c200000|  0%| F|  |TAMS 0x000000070c000000| PB 0x000000070c000000| Untracked 
|  88|0x000000070c200000, 0x000000070c200000, 0x000000070c400000|  0%| F|  |TAMS 0x000000070c200000| PB 0x000000070c200000| Untracked 
|  89|0x000000070c400000, 0x000000070c400000, 0x000000070c600000|  0%| F|  |TAMS 0x000000070c400000| PB 0x000000070c400000| Untracked 
|  90|0x000000070c600000, 0x000000070c600000, 0x000000070c800000|  0%| F|  |TAMS 0x000000070c600000| PB 0x000000070c600000| Untracked 
|  91|0x000000070c800000, 0x000000070c800000, 0x000000070ca00000|  0%| F|  |TAMS 0x000000070c800000| PB 0x000000070c800000| Untracked 
|  92|0x000000070ca00000, 0x000000070ca00000, 0x000000070cc00000|  0%| F|  |TAMS 0x000000070ca00000| PB 0x000000070ca00000| Untracked 
|  93|0x000000070cc00000, 0x000000070cc00000, 0x000000070ce00000|  0%| F|  |TAMS 0x000000070cc00000| PB 0x000000070cc00000| Untracked 
|  94|0x000000070ce00000, 0x000000070ce00000, 0x000000070d000000|  0%| F|  |TAMS 0x000000070ce00000| PB 0x000000070ce00000| Untracked 
|  95|0x000000070d000000, 0x000000070d000000, 0x000000070d200000|  0%| F|  |TAMS 0x000000070d000000| PB 0x000000070d000000| Untracked 
|  96|0x000000070d200000, 0x000000070d200000, 0x000000070d400000|  0%| F|  |TAMS 0x000000070d200000| PB 0x000000070d200000| Untracked 
|  97|0x000000070d400000, 0x000000070d400000, 0x000000070d600000|  0%| F|  |TAMS 0x000000070d400000| PB 0x000000070d400000| Untracked 
|  98|0x000000070d600000, 0x000000070d600000, 0x000000070d800000|  0%| F|  |TAMS 0x000000070d600000| PB 0x000000070d600000| Untracked 
|  99|0x000000070d800000, 0x000000070d800000, 0x000000070da00000|  0%| F|  |TAMS 0x000000070d800000| PB 0x000000070d800000| Untracked 
| 100|0x000000070da00000, 0x000000070da00000, 0x000000070dc00000|  0%| F|  |TAMS 0x000000070da00000| PB 0x000000070da00000| Untracked 
| 101|0x000000070dc00000, 0x000000070dc00000, 0x000000070de00000|  0%| F|  |TAMS 0x000000070dc00000| PB 0x000000070dc00000| Untracked 
| 102|0x000000070de00000, 0x000000070de00000, 0x000000070e000000|  0%| F|  |TAMS 0x000000070de00000| PB 0x000000070de00000| Untracked 
| 103|0x000000070e000000, 0x000000070e000000, 0x000000070e200000|  0%| F|  |TAMS 0x000000070e000000| PB 0x000000070e000000| Untracked 
| 104|0x000000070e200000, 0x000000070e200000, 0x000000070e400000|  0%| F|  |TAMS 0x000000070e200000| PB 0x000000070e200000| Untracked 
| 105|0x000000070e400000, 0x000000070e400000, 0x000000070e600000|  0%| F|  |TAMS 0x000000070e400000| PB 0x000000070e400000| Untracked 
| 106|0x000000070e600000, 0x000000070e600000, 0x000000070e800000|  0%| F|  |TAMS 0x000000070e600000| PB 0x000000070e600000| Untracked 
| 107|0x000000070e800000, 0x000000070e800000, 0x000000070ea00000|  0%| F|  |TAMS 0x000000070e800000| PB 0x000000070e800000| Untracked 
| 108|0x000000070ea00000, 0x000000070ea00000, 0x000000070ec00000|  0%| F|  |TAMS 0x000000070ea00000| PB 0x000000070ea00000| Untracked 
| 109|0x000000070ec00000, 0x000000070ec00000, 0x000000070ee00000|  0%| F|  |TAMS 0x000000070ec00000| PB 0x000000070ec00000| Untracked 
| 110|0x000000070ee00000, 0x000000070ee00000, 0x000000070f000000|  0%| F|  |TAMS 0x000000070ee00000| PB 0x000000070ee00000| Untracked 
| 111|0x000000070f000000, 0x000000070f000000, 0x000000070f200000|  0%| F|  |TAMS 0x000000070f000000| PB 0x000000070f000000| Untracked 
| 112|0x000000070f200000, 0x000000070f200000, 0x000000070f400000|  0%| F|  |TAMS 0x000000070f200000| PB 0x000000070f200000| Untracked 
| 113|0x000000070f400000, 0x000000070f400000, 0x000000070f600000|  0%| F|  |TAMS 0x000000070f400000| PB 0x000000070f400000| Untracked 
| 114|0x000000070f600000, 0x000000070f600000, 0x000000070f800000|  0%| F|  |TAMS 0x000000070f600000| PB 0x000000070f600000| Untracked 
| 115|0x000000070f800000, 0x000000070f800000, 0x000000070fa00000|  0%| F|  |TAMS 0x000000070f800000| PB 0x000000070f800000| Untracked 
| 116|0x000000070fa00000, 0x000000070fa00000, 0x000000070fc00000|  0%| F|  |TAMS 0x000000070fa00000| PB 0x000000070fa00000| Untracked 
| 117|0x000000070fc00000, 0x000000070fc00000, 0x000000070fe00000|  0%| F|  |TAMS 0x000000070fc00000| PB 0x000000070fc00000| Untracked 
| 118|0x000000070fe00000, 0x000000070fe00000, 0x0000000710000000|  0%| F|  |TAMS 0x000000070fe00000| PB 0x000000070fe00000| Untracked 
| 119|0x0000000710000000, 0x000000071019a278, 0x0000000710200000| 80%| E|  |TAMS 0x0000000710000000| PB 0x0000000710000000| Complete 
| 120|0x0000000710200000, 0x0000000710400000, 0x0000000710400000|100%| E|CS|TAMS 0x0000000710200000| PB 0x0000000710200000| Complete 
| 121|0x0000000710400000, 0x0000000710600000, 0x0000000710600000|100%| E|CS|TAMS 0x0000000710400000| PB 0x0000000710400000| Complete 
| 122|0x0000000710600000, 0x0000000710800000, 0x0000000710800000|100%| E|CS|TAMS 0x0000000710600000| PB 0x0000000710600000| Complete 
| 123|0x0000000710800000, 0x0000000710a00000, 0x0000000710a00000|100%| E|CS|TAMS 0x0000000710800000| PB 0x0000000710800000| Complete 
| 124|0x0000000710a00000, 0x0000000710c00000, 0x0000000710c00000|100%| E|CS|TAMS 0x0000000710a00000| PB 0x0000000710a00000| Complete 
| 125|0x0000000710c00000, 0x0000000710e00000, 0x0000000710e00000|100%| E|CS|TAMS 0x0000000710c00000| PB 0x0000000710c00000| Complete 
| 126|0x0000000710e00000, 0x0000000711000000, 0x0000000711000000|100%| E|CS|TAMS 0x0000000710e00000| PB 0x0000000710e00000| Complete 
| 127|0x0000000711000000, 0x0000000711200000, 0x0000000711200000|100%| E|CS|TAMS 0x0000000711000000| PB 0x0000000711000000| Complete 

Card table byte_map: [0x000001a76e8d0000,0x000001a76f0d0000] _byte_map_base: 0x000001a76b0c7000

Marking Bits: (CMBitMap*) 0x000001a75648dfc0
 Bits: [0x000001a76f0d0000, 0x000001a773088000)

Polling page: 0x000001a754b80000

Metaspace:

Usage:
  Non-class:      9.12 MB used.
      Class:      1.08 MB used.
       Both:     10.20 MB used.

Virtual space:
  Non-class space:       64.00 MB reserved,       9.25 MB ( 14%) committed,  1 nodes.
      Class space:        1.00 GB reserved,       1.19 MB ( <1%) committed,  1 nodes.
             Both:        1.06 GB reserved,      10.44 MB ( <1%) committed. 

Chunk freelists:
   Non-Class:  6.37 MB
       Class:  14.73 MB
        Both:  21.11 MB

MaxMetaspaceSize: unlimited
CompressedClassSpaceSize: 1.00 GB
Initial GC threshold: 21.00 MB
Current GC threshold: 21.00 MB
CDS: on
 - commit_granule_bytes: 65536.
 - commit_granule_words: 8192.
 - virtual_space_node_default_size: 8388608.
 - enlarge_chunks_in_place: 1.
 - use_allocation_guard: 0.


Internal statistics:

num_allocs_failed_limit: 0.
num_arena_births: 142.
num_arena_deaths: 0.
num_vsnodes_births: 2.
num_vsnodes_deaths: 0.
num_space_committed: 167.
num_space_uncommitted: 0.
num_chunks_returned_to_freelist: 0.
num_chunks_taken_from_freelist: 286.
num_chunk_merges: 0.
num_chunk_splits: 200.
num_chunks_enlarged: 140.
num_inconsistent_stats: 0.

CodeHeap 'non-profiled nmethods': size=120000Kb used=438Kb max_used=438Kb free=119561Kb
 bounds [0x000001a766450000, 0x000001a7666c0000, 0x000001a76d980000]
CodeHeap 'profiled nmethods': size=120000Kb used=2403Kb max_used=2403Kb free=117596Kb
 bounds [0x000001a75e980000, 0x000001a75ebf0000, 0x000001a765eb0000]
CodeHeap 'non-nmethods': size=5760Kb used=1454Kb max_used=1472Kb free=4305Kb
 bounds [0x000001a765eb0000, 0x000001a766120000, 0x000001a766450000]
 total_blobs=1842 nmethods=1305 adapters=442
 compilation: enabled
              stopped_count=0, restarted_count=0
 full_count=0

Compilation events (20 events):
Event: 31.526 Thread 0x000001a7758bff60 nmethod 1290 0x000001a75ebd2c90 code [0x000001a75ebd2e20, 0x000001a75ebd2f28]
Event: 31.526 Thread 0x000001a7758bff60 1291       3       sun.security.provider.SHA5::lf_sigma0 (21 bytes)
Event: 31.526 Thread 0x000001a7758bff60 nmethod 1291 0x000001a75ebd2f90 code [0x000001a75ebd3160, 0x000001a75ebd3420]
Event: 31.526 Thread 0x000001a7758bff60 1292       3       sun.security.provider.SHA5::lf_maj (14 bytes)
Event: 31.526 Thread 0x000001a7758bff60 nmethod 1292 0x000001a75ebd3590 code [0x000001a75ebd3720, 0x000001a75ebd3820]
Event: 31.527 Thread 0x000001a7758bff60 1293       3       sun.invoke.util.Wrapper::isSubwordOrInt (20 bytes)
Event: 31.527 Thread 0x000001a7758bff60 nmethod 1293 0x000001a75ebd3890 code [0x000001a75ebd3a60, 0x000001a75ebd3e78]
Event: 31.527 Thread 0x000001a7758bff60 1294       3       sun.invoke.util.Wrapper::isIntegral (23 bytes)
Event: 31.527 Thread 0x000001a7758bff60 nmethod 1294 0x000001a75ebd3f90 code [0x000001a75ebd4140, 0x000001a75ebd43a8]
Event: 31.527 Thread 0x000001a7758bff60 1295       3       sun.invoke.util.Wrapper::isNumeric (16 bytes)
Event: 31.527 Thread 0x000001a7758bff60 nmethod 1295 0x000001a75ebd4490 code [0x000001a75ebd4620, 0x000001a75ebd4790]
Event: 31.527 Thread 0x000001a7758bff60 1296       3       sun.invoke.util.Wrapper::isSingleWord (15 bytes)
Event: 31.527 Thread 0x000001a7758bff60 nmethod 1296 0x000001a75ebd4810 code [0x000001a75ebd49a0, 0x000001a75ebd4b10]
Event: 31.528 Thread 0x000001a7758bff60 1298       3       java.nio.HeapByteBuffer::ix (7 bytes)
Event: 31.528 Thread 0x000001a7758bff60 nmethod 1298 0x000001a75ebd4b90 code [0x000001a75ebd4d20, 0x000001a75ebd4e30]
Event: 31.529 Thread 0x000001a7758bff60 1299       3       java.lang.invoke.VarHandleByteArrayAsLongs$ArrayHandle::index (13 bytes)
Event: 31.529 Thread 0x000001a7758bff60 nmethod 1299 0x000001a75ebd4e90 code [0x000001a75ebd5040, 0x000001a75ebd5188]
Event: 31.529 Thread 0x000001a7758bff60 1300       3       jdk.internal.misc.Unsafe::convEndian (16 bytes)
Event: 31.529 Thread 0x000001a7758bff60 nmethod 1300 0x000001a75ebd5290 code [0x000001a75ebd5440, 0x000001a75ebd55b0]
Event: 31.529 Thread 0x000001a7758bff60 1301       3       java.lang.invoke.VarHandleGuards::guard_LI_J (78 bytes)

GC Heap History (0 events):
No events

Dll operation events (9 events):
Event: 0.023 Loaded shared library C:\Program Files\Java\jdk-21\bin\java.dll
Event: 0.123 Loaded shared library C:\Program Files\Java\jdk-21\bin\jsvml.dll
Event: 0.136 Loaded shared library C:\Program Files\Java\jdk-21\bin\net.dll
Event: 0.140 Loaded shared library C:\Program Files\Java\jdk-21\bin\nio.dll
Event: 0.151 Loaded shared library C:\Program Files\Java\jdk-21\bin\extnet.dll
Event: 27.129 Loaded shared library C:\Program Files\Java\jdk-21\bin\jimage.dll
Event: 27.192 Loaded shared library C:\Program Files\Java\jdk-21\bin\zip.dll
Event: 29.434 Loaded shared library C:\Program Files\Java\jdk-21\bin\verify.dll
Event: 30.502 Loaded shared library C:\Program Files\Java\jdk-21\bin\sunmscapi.dll

Deoptimization events (20 events):
Event: 30.332 Thread 0x000001a775ae8eb0 Uncommon trap: trap_request=0xffffffc6 fr.pc=0x000001a7664978a0 relative=0x0000000000000340
Event: 30.332 Thread 0x000001a775ae8eb0 Uncommon trap: reason=bimorphic_or_optimized_type_check action=maybe_recompile pc=0x000001a7664978a0 method=java.util.concurrent.ConcurrentHashMap.get(Ljava/lang/Object;)Ljava/lang/Object; @ 149 c2
Event: 30.332 Thread 0x000001a775ae8eb0 DEOPT PACKING pc=0x000001a7664978a0 sp=0x0000005e948faab0
Event: 30.332 Thread 0x000001a775ae8eb0 DEOPT UNPACKING pc=0x000001a765f046a2 sp=0x0000005e948faa20 mode 2
Event: 30.344 Thread 0x000001a775ae8eb0 Uncommon trap: trap_request=0xffffffc6 fr.pc=0x000001a7664978a0 relative=0x0000000000000340
Event: 30.344 Thread 0x000001a775ae8eb0 Uncommon trap: reason=bimorphic_or_optimized_type_check action=maybe_recompile pc=0x000001a7664978a0 method=java.util.concurrent.ConcurrentHashMap.get(Ljava/lang/Object;)Ljava/lang/Object; @ 149 c2
Event: 30.344 Thread 0x000001a775ae8eb0 DEOPT PACKING pc=0x000001a7664978a0 sp=0x0000005e948fb740
Event: 30.344 Thread 0x000001a775ae8eb0 DEOPT UNPACKING pc=0x000001a765f046a2 sp=0x0000005e948fb6b0 mode 2
Event: 30.345 Thread 0x000001a775ae8eb0 Uncommon trap: trap_request=0xffffffc6 fr.pc=0x000001a7664978a0 relative=0x0000000000000340
Event: 30.345 Thread 0x000001a775ae8eb0 Uncommon trap: reason=bimorphic_or_optimized_type_check action=maybe_recompile pc=0x000001a7664978a0 method=java.util.concurrent.ConcurrentHashMap.get(Ljava/lang/Object;)Ljava/lang/Object; @ 149 c2
Event: 30.345 Thread 0x000001a775ae8eb0 DEOPT PACKING pc=0x000001a7664978a0 sp=0x0000005e948fb3d0
Event: 30.345 Thread 0x000001a775ae8eb0 DEOPT UNPACKING pc=0x000001a765f046a2 sp=0x0000005e948fb340 mode 2
Event: 30.510 Thread 0x000001a775ae8eb0 Uncommon trap: trap_request=0xffffff45 fr.pc=0x000001a76649f258 relative=0x00000000000001f8
Event: 30.510 Thread 0x000001a775ae8eb0 Uncommon trap: reason=unstable_if action=reinterpret pc=0x000001a76649f258 method=java.util.HashMap.putVal(ILjava/lang/Object;Ljava/lang/Object;ZZ)Ljava/lang/Object; @ 162 c2
Event: 30.510 Thread 0x000001a775ae8eb0 DEOPT PACKING pc=0x000001a76649f258 sp=0x0000005e948faff0
Event: 30.510 Thread 0x000001a775ae8eb0 DEOPT UNPACKING pc=0x000001a765f046a2 sp=0x0000005e948fafa0 mode 2
Event: 30.520 Thread 0x000001a775ae8eb0 Uncommon trap: trap_request=0xffffff45 fr.pc=0x000001a7664787b0 relative=0x0000000000000190
Event: 30.520 Thread 0x000001a775ae8eb0 Uncommon trap: reason=unstable_if action=reinterpret pc=0x000001a7664787b0 method=jdk.internal.util.ArraysSupport.vectorizedHashCode(Ljava/lang/Object;IIII)I @ 2 c2
Event: 30.520 Thread 0x000001a775ae8eb0 DEOPT PACKING pc=0x000001a7664787b0 sp=0x0000005e948fafd0
Event: 30.520 Thread 0x000001a775ae8eb0 DEOPT UNPACKING pc=0x000001a765f046a2 sp=0x0000005e948faf80 mode 2

Classes loaded (20 events):
Event: 31.540 Loading class com/sun/crypto/provider/GaloisCounterMode$GCMOperation done
Event: 31.540 Loading class com/sun/crypto/provider/GaloisCounterMode$DecryptOp done
Event: 31.541 Loading class sun/security/ssl/EncryptedExtensions$EncryptedExtensionsMessage
Event: 31.541 Loading class sun/security/ssl/EncryptedExtensions$EncryptedExtensionsMessage done
Event: 31.541 Loading class sun/security/ssl/CertificateRequest$T13CertificateRequestMessage
Event: 31.541 Loading class sun/security/ssl/CertificateRequest$T13CertificateRequestMessage done
Event: 31.542 Loading class sun/security/ssl/CertificateMessage$T13CertificateMessage
Event: 31.543 Loading class sun/security/ssl/CertificateMessage$T13CertificateMessage done
Event: 31.543 Loading class sun/security/ssl/CertificateMessage$CertificateEntry
Event: 31.543 Loading class sun/security/ssl/CertificateMessage$CertificateEntry done
Event: 31.543 Loading class java/security/cert/X509Certificate
Event: 31.543 Loading class java/security/cert/X509Extension
Event: 31.543 Loading class java/security/cert/X509Extension done
Event: 31.543 Loading class java/security/cert/X509Certificate done
Event: 31.543 Loading class java/security/cert/CertificateFactory
Event: 31.543 Loading class java/security/cert/CertificateFactory done
Event: 31.543 Loading class java/security/cert/CertificateFactorySpi
Event: 31.544 Loading class java/security/cert/CertificateFactorySpi done
Event: 31.544 Loading class sun/security/provider/X509Factory
Event: 31.626 Loading class sun/security/provider/X509Factory done

Classes unloaded (0 events):
No events

Classes redefined (0 events):
No events

Internal exceptions (20 events):
Event: 29.441 Thread 0x000001a775ae8eb0 Exception <a 'java/lang/NoClassDefFoundError'{0x0000000710fe85b8}: org/slf4j/impl/StaticLoggerBinder> (0x0000000710fe85b8) 
thrown [s\open\src\hotspot\share\classfile\systemDictionary.cpp, line 301]
Event: 29.476 Thread 0x000001a775ae8eb0 Exception <a 'java/lang/NoSuchMethodError'{0x0000000710c0e9f0}: 'int java.lang.invoke.Invokers$Holder.invokeExact_MT(java.lang.Object, java.lang.Object)'> (0x0000000710c0e9f0) 
thrown [s\open\src\hotspot\share\interpreter\linkResolver.cpp, line 773]
Event: 29.477 Thread 0x000001a775ae8eb0 Exception <a 'java/lang/NoSuchMethodError'{0x0000000710c12488}: 'void java.lang.invoke.DirectMethodHandle$Holder.invokeSpecial(java.lang.Object, java.lang.Object, int)'> (0x0000000710c12488) 
thrown [s\open\src\hotspot\share\interpreter\linkResolver.cpp, line 773]
Event: 29.478 Thread 0x000001a775ae8eb0 Exception <a 'java/lang/NoSuchMethodError'{0x0000000710c157b0}: 'void java.lang.invoke.Invokers$Holder.invokeExact_MT(java.lang.Object, int, java.lang.Object)'> (0x0000000710c157b0) 
thrown [s\open\src\hotspot\share\interpreter\linkResolver.cpp, line 773]
Event: 29.482 Thread 0x000001a775ae8eb0 Exception <a 'java/lang/NoSuchMethodError'{0x0000000710c2ad28}: 'void java.lang.invoke.Invokers$Holder.invokeExact_MT(java.lang.Object, java.lang.Object, java.lang.Object, java.lang.Object)'> (0x0000000710c2ad28) 
thrown [s\open\src\hotspot\share\interpreter\linkResolver.cpp, line 773]
Event: 29.484 Thread 0x000001a775ae8eb0 Exception <a 'java/lang/NoSuchMethodError'{0x0000000710c35960}: 'long java.lang.invoke.DelegatingMethodHandle$Holder.reinvoke_L(java.lang.Object, java.lang.Object)'> (0x0000000710c35960) 
thrown [s\open\src\hotspot\share\interpreter\linkResolver.cpp, line 773]
Event: 29.489 Thread 0x000001a775ae8eb0 Exception <a 'java/lang/NoSuchMethodError'{0x0000000710c3f378}: 'void java.lang.invoke.DelegatingMethodHandle$Holder.reinvoke_L(java.lang.Object, java.lang.Object, long)'> (0x0000000710c3f378) 
thrown [s\open\src\hotspot\share\interpreter\linkResolver.cpp, line 773]
Event: 29.492 Thread 0x000001a775ae8eb0 Exception <a 'java/lang/NoSuchMethodError'{0x0000000710c458b8}: 'long java.lang.invoke.Invokers$Holder.invokeExact_MT(java.lang.Object, java.lang.Object, java.lang.Object)'> (0x0000000710c458b8) 
thrown [s\open\src\hotspot\share\interpreter\linkResolver.cpp, line 773]
Event: 29.496 Thread 0x000001a775ae8eb0 Exception <a 'java/lang/NoSuchMethodError'{0x0000000710c54608}: 'int java.lang.invoke.DirectMethodHandle$Holder.invokeSpecial(java.lang.Object, java.lang.Object, java.lang.Object)'> (0x0000000710c54608) 
thrown [s\open\src\hotspot\share\interpreter\linkResolver.cpp, line 773]
Event: 29.502 Thread 0x000001a775ae8eb0 Exception <a 'java/lang/NoSuchMethodError'{0x0000000710c5b640}: 'void java.lang.invoke.DelegatingMethodHandle$Holder.reinvoke_L(java.lang.Object, java.lang.Object, int)'> (0x0000000710c5b640) 
thrown [s\open\src\hotspot\share\interpreter\linkResolver.cpp, line 773]
Event: 29.506 Thread 0x000001a775ae8eb0 Exception <a 'java/lang/NoSuchMethodError'{0x0000000710c61b38}: 'int java.lang.invoke.Invokers$Holder.invokeExact_MT(java.lang.Object, java.lang.Object, java.lang.Object)'> (0x0000000710c61b38) 
thrown [s\open\src\hotspot\share\interpreter\linkResolver.cpp, line 773]
Event: 29.617 Thread 0x000001a775ae8eb0 Exception <a 'java/lang/NoSuchMethodError'{0x0000000710a4c5f8}: 'java.lang.Object java.lang.invoke.DirectMethodHandle$Holder.invokeInterface(java.lang.Object, java.lang.Object)'> (0x0000000710a4c5f8) 
thrown [s\open\src\hotspot\share\interpreter\linkResolver.cpp, line 773]
Event: 29.692 Thread 0x000001a775ae8eb0 Exception <a 'java/lang/NoSuchMethodError'{0x0000000710ac9048}: 'void java.lang.invoke.DirectMethodHandle$Holder.invokeSpecial(java.lang.Object, java.lang.Object, java.lang.Object)'> (0x0000000710ac9048) 
thrown [s\open\src\hotspot\share\interpreter\linkResolver.cpp, line 773]
Event: 29.693 Thread 0x000001a775ae8eb0 Exception <a 'java/lang/NoSuchMethodError'{0x0000000710acf320}: 'void java.lang.invoke.DirectMethodHandle$Holder.invokeStatic(java.lang.Object, java.lang.Object, java.lang.Object)'> (0x0000000710acf320) 
thrown [s\open\src\hotspot\share\interpreter\linkResolver.cpp, line 773]
Event: 29.695 Thread 0x000001a775ae8eb0 Exception <a 'java/lang/NoSuchMethodError'{0x0000000710ad8158}: 'java.lang.Object java.lang.invoke.DirectMethodHandle$Holder.invokeVirtual(java.lang.Object, java.lang.Object, java.lang.Object)'> (0x0000000710ad8158) 
thrown [s\open\src\hotspot\share\interpreter\linkResolver.cpp, line 773]
Event: 30.022 Thread 0x000001a775ae8eb0 Exception <a 'java/lang/NoSuchMethodError'{0x00000007104d9270}: 'void java.lang.invoke.DirectMethodHandle$Holder.invokeStaticInit(java.lang.Object, java.lang.Object)'> (0x00000007104d9270) 
thrown [s\open\src\hotspot\share\interpreter\linkResolver.cpp, line 773]
Event: 30.298 Thread 0x000001a775ae8eb0 Exception <a 'sun/nio/fs/WindowsException'{0x0000000710211528}> (0x0000000710211528) 
thrown [s\open\src\hotspot\share\prims\jni.cpp, line 520]
Event: 30.375 Thread 0x000001a775ae8eb0 Exception <a 'java/lang/NoSuchMethodError'{0x00000007102c0620}: 'java.lang.Object java.lang.invoke.DirectMethodHandle$Holder.invokeStaticInit(java.lang.Object, int, int, int, int)'> (0x00000007102c0620) 
thrown [s\open\src\hotspot\share\interpreter\linkResolver.cpp, line 773]
Event: 30.459 Thread 0x000001a775ae8eb0 Exception <a 'java/lang/NoSuchMethodError'{0x0000000710395fb8}: 'java.lang.Object java.lang.invoke.DirectMethodHandle$Holder.invokeStaticInit(java.lang.Object, java.lang.Object, int, int, int, int)'> (0x0000000710395fb8) 
thrown [s\open\src\hotspot\share\interpreter\linkResolver.cpp, line 773]
Event: 31.442 Thread 0x000001a775ae8eb0 Exception <a 'java/lang/NoSuchMethodError'{0x0000000710123be8}: 'void java.lang.invoke.DirectMethodHandle$Holder.invokeVirtual(java.lang.Object, java.lang.Object)'> (0x0000000710123be8) 
thrown [s\open\src\hotspot\share\interpreter\linkResolver.cpp, line 773]

ZGC Phase Switch (0 events):
No events

VM Operations (20 events):
Event: 1.082 Executing VM operation: Cleanup
Event: 1.082 Executing VM operation: Cleanup done
Event: 27.193 Executing VM operation: HandshakeAllThreads (Deoptimize)
Event: 27.193 Executing VM operation: HandshakeAllThreads (Deoptimize) done
Event: 27.193 Executing VM operation: Cleanup
Event: 27.193 Executing VM operation: Cleanup done
Event: 28.200 Executing VM operation: Cleanup
Event: 28.200 Executing VM operation: Cleanup done
Event: 29.683 Executing VM operation: HandshakeAllThreads (Deoptimize)
Event: 29.683 Executing VM operation: HandshakeAllThreads (Deoptimize) done
Event: 29.683 Executing VM operation: Cleanup
Event: 29.683 Executing VM operation: Cleanup done
Event: 30.245 Executing VM operation: HandshakeAllThreads (Deoptimize)
Event: 30.245 Executing VM operation: HandshakeAllThreads (Deoptimize) done
Event: 30.314 Executing VM operation: HandshakeAllThreads (Deoptimize)
Event: 30.314 Executing VM operation: HandshakeAllThreads (Deoptimize) done
Event: 30.569 Executing VM operation: ICBufferFull
Event: 30.569 Executing VM operation: ICBufferFull done
Event: 31.543 Executing VM operation: HandshakeAllThreads (Deoptimize)
Event: 31.543 Executing VM operation: HandshakeAllThreads (Deoptimize) done

Events (18 events):
Event: 0.040 Thread 0x000001a7548ad410 Thread added: 0x000001a7548ad410
Event: 0.055 Thread 0x000001a7758a80c0 Thread added: 0x000001a7758a80c0
Event: 0.055 Thread 0x000001a7758a8d20 Thread added: 0x000001a7758a8d20
Event: 0.056 Thread 0x000001a7758ae410 Thread added: 0x000001a7758ae410
Event: 0.056 Thread 0x000001a7758aee70 Thread added: 0x000001a7758aee70
Event: 0.056 Thread 0x000001a7758b0440 Thread added: 0x000001a7758b0440
Event: 0.056 Thread 0x000001a7758b0ea0 Thread added: 0x000001a7758b0ea0
Event: 0.056 Thread 0x000001a7758b2c40 Thread added: 0x000001a7758b2c40
Event: 0.056 Thread 0x000001a7758bff60 Thread added: 0x000001a7758bff60
Event: 0.095 Thread 0x000001a775a54620 Thread added: 0x000001a775a54620
Event: 0.101 Thread 0x000001a775a590a0 Thread added: 0x000001a775a590a0
Event: 27.147 Thread 0x000001a775ae8eb0 Thread added: 0x000001a775ae8eb0
Event: 27.318 Thread 0x000001a775bfe960 Thread added: 0x000001a775bfe960
Event: 29.554 Thread 0x000001a775d607c0 Thread added: 0x000001a775d607c0
Event: 29.640 Thread 0x000001a775d7a8f0 Thread added: 0x000001a775d7a8f0
Event: 30.114 Thread 0x000001a775d7a8f0 Thread exited: 0x000001a775d7a8f0
Event: 30.610 Thread 0x000001a77a34ba60 Thread added: 0x000001a77a34ba60
Event: 31.440 Thread 0x000001a77a34ba60 Thread exited: 0x000001a77a34ba60


Dynamic libraries:
0x00007ff6f5da0000 - 0x00007ff6f5db0000 	C:\Program Files\Java\jdk-21\bin\java.exe
0x00007ff9a9180000 - 0x00007ff9a93e5000 	C:\WINDOWS\SYSTEM32\ntdll.dll
0x00007ff9a8800000 - 0x00007ff9a88c9000 	C:\WINDOWS\System32\KERNEL32.DLL
0x00007ff9a64c0000 - 0x00007ff9a68a8000 	C:\WINDOWS\System32\KERNELBASE.dll
0x00007ff9a6370000 - 0x00007ff9a64bb000 	C:\WINDOWS\System32\ucrtbase.dll
0x00007ff98b000000 - 0x00007ff98b01b000 	C:\Program Files\Java\jdk-21\bin\VCRUNTIME140.dll
0x00007ff98afe0000 - 0x00007ff98aff9000 	C:\Program Files\Java\jdk-21\bin\jli.dll
0x00007ff9a88d0000 - 0x00007ff9a8983000 	C:\WINDOWS\System32\ADVAPI32.dll
0x00007ff9a8ad0000 - 0x00007ff9a8b79000 	C:\WINDOWS\System32\msvcrt.dll
0x00007ff9a8e20000 - 0x00007ff9a8ec6000 	C:\WINDOWS\System32\sechost.dll
0x00007ff9a7b50000 - 0x00007ff9a7c65000 	C:\WINDOWS\System32\RPCRT4.dll
0x00007ff9a7c70000 - 0x00007ff9a7e3a000 	C:\WINDOWS\System32\USER32.dll
0x00007ff9a6c30000 - 0x00007ff9a6c57000 	C:\WINDOWS\System32\win32u.dll
0x00007ff9a8aa0000 - 0x00007ff9a8acb000 	C:\WINDOWS\System32\GDI32.dll
0x00007ff994af0000 - 0x00007ff994d8a000 	C:\WINDOWS\WinSxS\amd64_microsoft.windows.common-controls_6595b64144ccf1df_6.0.26100.4202_none_3e0698d4e335f517\COMCTL32.dll
0x00007ff9a68b0000 - 0x00007ff9a69e7000 	C:\WINDOWS\System32\gdi32full.dll
0x00007ff9a6c60000 - 0x00007ff9a6d03000 	C:\WINDOWS\System32\msvcp_win.dll
0x00007ff9a0410000 - 0x00007ff9a041b000 	C:\WINDOWS\SYSTEM32\VERSION.dll
0x00007ff9a7f10000 - 0x00007ff9a7f40000 	C:\WINDOWS\System32\IMM32.DLL
0x00007ff98cd60000 - 0x00007ff98cd6c000 	C:\Program Files\Java\jdk-21\bin\vcruntime140_1.dll
0x00007ff986eb0000 - 0x00007ff986f3e000 	C:\Program Files\Java\jdk-21\bin\msvcp140.dll
0x00007ff90bbd0000 - 0x00007ff90c8e5000 	C:\Program Files\Java\jdk-21\bin\server\jvm.dll
0x00007ff9a8c80000 - 0x00007ff9a8cf4000 	C:\WINDOWS\System32\WS2_32.dll
0x00007ff9a4f10000 - 0x00007ff9a4f6e000 	C:\WINDOWS\SYSTEM32\POWRPROF.dll
0x00007ff9a03d0000 - 0x00007ff9a0405000 	C:\WINDOWS\SYSTEM32\WINMM.dll
0x00007ff9a4ef0000 - 0x00007ff9a4f04000 	C:\WINDOWS\SYSTEM32\UMPDC.dll
0x00007ff9a51b0000 - 0x00007ff9a51cb000 	C:\WINDOWS\SYSTEM32\kernel.appcore.dll
0x00007ff98afd0000 - 0x00007ff98afda000 	C:\Program Files\Java\jdk-21\bin\jimage.dll
0x00007ff99c770000 - 0x00007ff99c9b1000 	C:\WINDOWS\SYSTEM32\DBGHELP.DLL
0x00007ff9a6f20000 - 0x00007ff9a72a5000 	C:\WINDOWS\System32\combase.dll
0x00007ff9a89a0000 - 0x00007ff9a8a81000 	C:\WINDOWS\System32\OLEAUT32.dll
0x00007ff993190000 - 0x00007ff9931c9000 	C:\WINDOWS\SYSTEM32\dbgcore.DLL
0x00007ff9a62d0000 - 0x00007ff9a6369000 	C:\WINDOWS\System32\bcryptPrimitives.dll
0x00007ff98afb0000 - 0x00007ff98afcf000 	C:\Program Files\Java\jdk-21\bin\java.dll
0x00007ff9a72e0000 - 0x00007ff9a7a22000 	C:\WINDOWS\System32\SHELL32.dll
0x00007ff9a69f0000 - 0x00007ff9a6b64000 	C:\WINDOWS\System32\wintypes.dll
0x00007ff9a3f90000 - 0x00007ff9a47e8000 	C:\WINDOWS\SYSTEM32\windows.storage.dll
0x00007ff9a8b80000 - 0x00007ff9a8c71000 	C:\WINDOWS\System32\SHCORE.dll
0x00007ff9a8d90000 - 0x00007ff9a8dfa000 	C:\WINDOWS\System32\shlwapi.dll
0x00007ff9a61e0000 - 0x00007ff9a620f000 	C:\WINDOWS\SYSTEM32\profapi.dll
0x00007ff96ed20000 - 0x00007ff96edf7000 	C:\Program Files\Java\jdk-21\bin\jsvml.dll
0x00007ff98a300000 - 0x00007ff98a310000 	C:\Program Files\Java\jdk-21\bin\net.dll
0x00007ff99dbc0000 - 0x00007ff99dcde000 	C:\WINDOWS\SYSTEM32\WINHTTP.dll
0x00007ff9a5720000 - 0x00007ff9a578a000 	C:\WINDOWS\system32\mswsock.dll
0x00007ff989430000 - 0x00007ff989446000 	C:\Program Files\Java\jdk-21\bin\nio.dll
0x00007ff989420000 - 0x00007ff989427000 	C:\Program Files\Java\jdk-21\bin\extnet.dll
0x00007ff989400000 - 0x00007ff989418000 	C:\Program Files\Java\jdk-21\bin\zip.dll
0x00007ff9893f0000 - 0x00007ff989400000 	C:\Program Files\Java\jdk-21\bin\verify.dll
0x00007ff9a4be0000 - 0x00007ff9a4d07000 	C:\WINDOWS\SYSTEM32\DNSAPI.dll
0x00007ff9a4b50000 - 0x00007ff9a4b83000 	C:\WINDOWS\SYSTEM32\IPHLPAPI.DLL
0x00007ff9a7f50000 - 0x00007ff9a7f5a000 	C:\WINDOWS\System32\NSI.dll
0x00007ff99a100000 - 0x00007ff99a10b000 	C:\Windows\System32\rasadhlp.dll
0x00007ff99d3d0000 - 0x00007ff99d456000 	C:\WINDOWS\System32\fwpuclnt.dll
0x00007ff9a59d0000 - 0x00007ff9a59eb000 	C:\WINDOWS\SYSTEM32\CRYPTSP.dll
0x00007ff9a5110000 - 0x00007ff9a514a000 	C:\WINDOWS\system32\rsaenh.dll
0x00007ff9a57c0000 - 0x00007ff9a57eb000 	C:\WINDOWS\SYSTEM32\USERENV.dll
0x00007ff9a61b0000 - 0x00007ff9a61d6000 	C:\WINDOWS\SYSTEM32\bcrypt.dll
0x00007ff9a59f0000 - 0x00007ff9a59fc000 	C:\WINDOWS\SYSTEM32\CRYPTBASE.dll
0x00007ff9893e0000 - 0x00007ff9893ee000 	C:\Program Files\Java\jdk-21\bin\sunmscapi.dll
0x00007ff9a6d10000 - 0x00007ff9a6e87000 	C:\WINDOWS\System32\CRYPT32.dll
0x00007ff9a5bf0000 - 0x00007ff9a5c20000 	C:\WINDOWS\SYSTEM32\ncrypt.dll
0x00007ff9a5ba0000 - 0x00007ff9a5bdf000 	C:\WINDOWS\SYSTEM32\NTASN1.dll

dbghelp: loaded successfully - version: 4.0.5 - missing functions: none
symbol engine: initialized successfully - sym options: 0x614 - pdb path: .;C:\Program Files\Java\jdk-21\bin;C:\WINDOWS\SYSTEM32;C:\WINDOWS\WinSxS\amd64_microsoft.windows.common-controls_6595b64144ccf1df_6.0.26100.4202_none_3e0698d4e335f517;C:\Program Files\Java\jdk-21\bin\server

VM Arguments:
jvm_args: -Dfile.encoding=windows-1252 -Duser.country=ZA -Duser.language=en -Duser.variant 
java_command: LVLupServer.LevelUpServer
java_class_path (initial): C:\Users\Shaun\Downloads\WRPV302\LevelUpServer\build\classes\java\main;C:\Users\Shaun\Downloads\WRPV302\LevelUpServer\build\resources\main;C:\Users\Shaun\Downloads\WRPV302\A4\Assignment4-224020846\Assignment4\SubscriberClient\LevelUpServer\src\LVLupServer\caches\modules-2\files-2.1\com.zaxxer\HikariCP\5.0.1\a74c7f0a37046846e88d54f7cb6ea6d565c65f9c\HikariCP-5.0.1.jar;C:\Users\Shaun\Downloads\WRPV302\A4\Assignment4-224020846\Assignment4\SubscriberClient\LevelUpServer\src\LVLupServer\caches\modules-2\files-2.1\com.mysql\mysql-connector-j\8.2.0\56d34aea30915904b1c883f1cfae731dd2df6029\mysql-connector-j-8.2.0.jar;C:\Users\Shaun\Downloads\WRPV302\A4\Assignment4-224020846\Assignment4\SubscriberClient\LevelUpServer\src\LVLupServer\caches\modules-2\files-2.1\org.springframework.security\spring-security-crypto\6.4.4\914088f7c73375ee02cbe69c159b6460dc2f346b\spring-security-crypto-6.4.4.jar;C:\Users\Shaun\Downloads\WRPV302\A4\Assignment4-224020846\Assignment4\SubscriberClient\LevelUpServer\src\LVLupServer\caches\modules-2\files-2.1\org.slf4j\slf4j-api\1.7.30\b5a4b6d16ab13e34a88fae84c35cd5d68cac922c\slf4j-api-1.7.30.jar;C:\Users\Shaun\Downloads\WRPV302\A4\Assignment4-224020846\Assignment4\SubscriberClient\LevelUpServer\src\LVLupServer\caches\modules-2\files-2.1\com.google.protobuf\protobuf-java\3.21.9\ed1240d9231044ce6ccf1978512f6e44416bb7e7\protobuf-java-3.21.9.jar
Launcher Type: SUN_STANDARD

[Global flags]
     intx CICompilerCount                          = 3                                         {product} {ergonomic}
     uint ConcGCThreads                            = 2                                         {product} {ergonomic}
     uint G1ConcRefinementThreads                  = 6                                         {product} {ergonomic}
   size_t G1HeapRegionSize                         = 2097152                                   {product} {ergonomic}
    uintx GCDrainStackTargetSize                   = 64                                        {product} {ergonomic}
   size_t InitialHeapSize                          = 268435456                                 {product} {ergonomic}
   size_t MarkStackSize                            = 4194304                                   {product} {ergonomic}
   size_t MaxHeapSize                              = 4276092928                                {product} {ergonomic}
   size_t MaxNewSize                               = 2564816896                                {product} {ergonomic}
   size_t MinHeapDeltaBytes                        = 2097152                                   {product} {ergonomic}
   size_t MinHeapSize                              = 8388608                                   {product} {ergonomic}
    uintx NonNMethodCodeHeapSize                   = 5832780                                {pd product} {ergonomic}
    uintx NonProfiledCodeHeapSize                  = 122912730                              {pd product} {ergonomic}
    uintx ProfiledCodeHeapSize                     = 122912730                              {pd product} {ergonomic}
    uintx ReservedCodeCacheSize                    = 251658240                              {pd product} {ergonomic}
     bool SegmentedCodeCache                       = true                                      {product} {ergonomic}
   size_t SoftMaxHeapSize                          = 4276092928                             {manageable} {ergonomic}
     bool UseCompressedOops                        = true                           {product lp64_product} {ergonomic}
     bool UseG1GC                                  = true                                      {product} {ergonomic}
     bool UseLargePagesIndividualAllocation        = false                                  {pd product} {ergonomic}

Logging:
Log output configuration:
 #0: stdout all=warning uptime,level,tags foldmultilines=false
 #1: stderr all=off uptime,level,tags foldmultilines=false

Environment Variables:
JAVA_HOME=C:\Program Files\Java\jdk-21.0.1
PATH=C:\Program Files\Common Files\Oracle\Java\javapath;C:\Windows\system32;C:\Windows;C:\Windows\System32\Wbem;C:\Windows\System32\WindowsPowerShell\v1.0\;C:\Windows\System32\OpenSSH\;C:\Program Files\Java\jdk-19.0.1\bin;C:\Program Files\Microsoft SQL Server\150\Tools\Binn\;C:\Program Files\Microsoft SQL Server\Client SDK\ODBC\170\Tools\Binn\;C:\Program Files (x86)\Microsoft SQL Server\160\Tools\Binn\;C:\Program Files\Microsoft SQL Server\160\Tools\Binn\;C:\Program Files\Microsoft SQL Server\160\DTS\Binn\;C:\WINDOWS\system32;C:\WINDOWS;C:\WINDOWS\System32\Wbem;C:\WINDOWS\System32\WindowsPowerShell\v1.0\;C:\WINDOWS\System32\OpenSSH\;C:\Program Files\MySQL\MySQL Server 8.0\bin;C:\Program Files\Git\cmd;C:\Program Files\dotnet\;C:\Program Files\MySQL\MySQL Shell 8.0\bin\;C:\Users\Shaun\AppData\Local\Microsoft\WindowsApps;C:\Users\Shaun\.dotnet\tools;C:\Users\Shaun\AppData\Local\JetBrains\Toolbox\scripts;;C:\Users\Shaun\AppData\Local\Microsoft\WindowsApps
USERNAME=Shaun
OS=Windows_NT
PROCESSOR_IDENTIFIER=AMD64 Family 23 Model 113 Stepping 0, AuthenticAMD
TMP=C:\Users\Shaun\AppData\Local\Temp
TEMP=C:\Users\Shaun\AppData\Local\Temp




Periodic native trim disabled

---------------  S Y S T E M  ---------------

OS:
 Windows 11 , 64 bit Build 26100 (10.0.26100.4202)
OS uptime: 10 days 5:30 hours

CPU: total 6 (initial active 6) (6 cores per cpu, 1 threads per core) family 23 model 113 stepping 0 microcode 0x8701030, cx8, cmov, fxsr, mmx, 3dnowpref, sse, sse2, sse3, ssse3, sse4a, sse4.1, sse4.2, popcnt, lzcnt, tsc, tscinvbit, avx, avx2, aes, clmul, bmi1, bmi2, adx, sha, fma, vzeroupper, clflush, clflushopt, rdtscp, rdpid, f16c
Processor Information for all 6 processors :
  Max Mhz: 3600, Current Mhz: 3600, Mhz Limit: 3600

Memory: 4k page, system-wide physical 16309M (1324M free)
TotalPageFile size 30309M (AvailPageFile size 4M)
current process WorkingSet (physical memory assigned to process): 82M, peak: 82M
current process commit charge ("private bytes"): 359M, peak: 359M

vm_info: Java HotSpot(TM) 64-Bit Server VM (21.0.1+12-LTS-29) for windows-amd64 JRE (21.0.1+12-LTS-29), built on 2023-10-05T13:27:09Z by "mach5one" with MS VC++ 17.1 (VS2022)

END.
