#
# There is insufficient memory for the Java Runtime Environment to continue.
# Native memory allocation (mmap) failed to map 268435456 bytes for G1 virtual space
# Possible reasons:
#   The system is out of physical RAM or swap space
#   The process is running with CompressedOops enabled, and the Java Heap may be blocking the growth of the native heap
# Possible solutions:
#   Reduce memory load on the system
#   Increase physical memory or swap space
#   Check if swap backing store is full
#   Decrease Java heap size (-Xmx/-Xms)
#   Decrease number of Java threads
#   Decrease Java thread stack sizes (-Xss)
#   Set larger code cache with -XX:ReservedCodeCacheSize=
#   JVM is running with Zero Based Compressed Oops mode in which the Java heap is
#     placed in the first 32GB address space. The Java Heap base address is the
#     maximum limit for the native heap growth. Please use -XX:HeapBaseMinAddress
#     to set the Java Heap base and to place the Java Heap above 32GB virtual address.
# This output file may be truncated or incomplete.
#
#  Out of Memory Error (os_windows.cpp:3527), pid=1672, tid=23524
#
# JRE version:  (19.0.1+10) (build )
# Java VM: OpenJDK 64-Bit Server VM (19.0.1+10-21, mixed mode, sharing, tiered, compressed oops, compressed class ptrs, g1 gc, windows-amd64)
# No core dump will be written. Minidumps are not enabled by default on client versions of Windows
#

---------------  S U M M A R Y ------------

Command Line: -Dfile.encoding=windows-1252 -Duser.country=ZA -Duser.language=en -Duser.variant LVLupServer.LevelUpServer

Host: AMD Ryzen 5 3500 6-Core Processor              , 6 cores, 15G,  Windows 11 , 64 bit Build 26100 (10.0.26100.4484)
Time: Thu Aug 14 19:06:16 2025 South Africa Standard Time elapsed time: 0.076598 seconds (0d 0h 0m 0s)

---------------  T H R E A D  ---------------

Current thread (0x00000182b90bd620):  JavaThread "Unknown thread" [_thread_in_vm, id=23524, stack(0x0000002f82000000,0x0000002f82100000)]

Stack: [0x0000002f82000000,0x0000002f82100000]
Native frames: (J=compiled Java code, j=interpreted, Vv=VM code, C=native code)
V  [jvm.dll+0x6ee8fa]
V  [jvm.dll+0x857a1e]
V  [jvm.dll+0x85940e]
V  [jvm.dll+0x859ac3]
V  [jvm.dll+0x28291f]
V  [jvm.dll+0x6eb6e9]
V  [jvm.dll+0x6e028a]
V  [jvm.dll+0x357136]
V  [jvm.dll+0x35eb96]
V  [jvm.dll+0x3b555e]
V  [jvm.dll+0x3b578f]
V  [jvm.dll+0x32c6ea]
V  [jvm.dll+0x32d59e]
V  [jvm.dll+0x821b20]
V  [jvm.dll+0x3c27c1]
V  [jvm.dll+0x8022f1]
V  [jvm.dll+0x44b30f]
V  [jvm.dll+0x44cc91]
C  [jli.dll+0x5287]
C  [ucrtbase.dll+0x37b0]
C  [KERNEL32.DLL+0x2e8d7]
C  [ntdll.dll+0x3c34c]


---------------  P R O C E S S  ---------------

Threads class SMR info:
_java_thread_list=0x00007ffaef80d048, length=0, elements={
}

Java Threads: ( => current thread )

Other Threads:
  0x00000182b912fcc0 WorkerThread "GC Thread#0" [stack: 0x0000002f82100000,0x0000002f82200000] [id=11724]
  0x00000182b9140c50 ConcurrentGCThread "G1 Main Marker" [stack: 0x0000002f82200000,0x0000002f82300000] [id=7316]
  0x00000182b9142b30 WorkerThread "G1 Conc#0" [stack: 0x0000002f82300000,0x0000002f82400000] [id=19992]

[error occurred during error reporting (printing all threads), id 0xc0000005, EXCEPTION_ACCESS_VIOLATION (0xc0000005) at pc=0x00007ffaeefcd127]

VM state: not at safepoint (not fully initialized)

VM Mutex/Monitor currently owned by a thread:  ([mutex/lock_event])
[0x00000182b90baee0] Heap_lock - owner thread: 0x00000182b90bd620

Heap address: 0x0000000701200000, size: 4078 MB, Compressed Oops mode: Zero based, Oop shift amount: 3

CDS archive(s) mapped at: [0x0000000000000000-0x0000000000000000-0x0000000000000000), size 0, SharedBaseAddress: 0x0000000800000000, ArchiveRelocationMode: 0.
Narrow klass base: 0x0000000000000000, Narrow klass shift: 0, Narrow klass range: 0x0

GC Precious Log:
 CardTable entry size: 512
 Card Set container configuration: InlinePtr #cards 4 size 8 Array Of Cards #cards 16 size 48 Howl #buckets 8 coarsen threshold 3686 Howl Bitmap #cards 512 size 80 coarsen threshold 460 Card regions per heap region 1 cards per card region 4096

Heap:
 garbage-first heap   total 0K, used 0K [0x0000000701200000, 0x0000000800000000)
  region size 2048K, 0 young (0K), 0 survivors (0K)

[error occurred during error reporting (printing heap information), id 0xc0000005, EXCEPTION_ACCESS_VIOLATION (0xc0000005) at pc=0x00007ffaef3d6959]

GC Heap History (0 events):
No events

Dll operation events (1 events):
Event: 0.007 Loaded shared library C:\Program Files\Java\jdk-19.0.1\bin\java.dll

Deoptimization events (0 events):
No events

Classes loaded (0 events):
No events

Classes unloaded (0 events):
No events

Classes redefined (0 events):
No events

Internal exceptions (0 events):
No events

VM Operations (0 events):
No events

Events (0 events):
No events


Dynamic libraries:
0x00007ff79f810000 - 0x00007ff79f81e000 	C:\Program Files\Java\jdk-19.0.1\bin\java.exe
0x00007ffb62960000 - 0x00007ffb62bc8000 	C:\WINDOWS\SYSTEM32\ntdll.dll
0x00007ffb60ac0000 - 0x00007ffb60b89000 	C:\WINDOWS\System32\KERNEL32.DLL
0x00007ffb60100000 - 0x00007ffb604ed000 	C:\WINDOWS\System32\KERNELBASE.dll
0x00007ffb5fe30000 - 0x00007ffb5ff7b000 	C:\WINDOWS\System32\ucrtbase.dll
0x00007ffb053a0000 - 0x00007ffb053b7000 	C:\Program Files\Java\jdk-19.0.1\bin\jli.dll
0x00007ffb051f0000 - 0x00007ffb0520b000 	C:\Program Files\Java\jdk-19.0.1\bin\VCRUNTIME140.dll
0x00007ffb621d0000 - 0x00007ffb6239c000 	C:\WINDOWS\System32\USER32.dll
0x00007ffb5fbf0000 - 0x00007ffb5fc17000 	C:\WINDOWS\System32\win32u.dll
0x00007ffb4e410000 - 0x00007ffb4e6aa000 	C:\WINDOWS\WinSxS\amd64_microsoft.windows.common-controls_6595b64144ccf1df_6.0.26100.4484_none_3e0e6d4ce32ef3b3\COMCTL32.dll
0x00007ffb61430000 - 0x00007ffb6145b000 	C:\WINDOWS\System32\GDI32.dll
0x00007ffb5fab0000 - 0x00007ffb5fbe7000 	C:\WINDOWS\System32\gdi32full.dll
0x00007ffb624e0000 - 0x00007ffb62589000 	C:\WINDOWS\System32\msvcrt.dll
0x00007ffb60590000 - 0x00007ffb60633000 	C:\WINDOWS\System32\msvcp_win.dll
0x00007ffb60990000 - 0x00007ffb609bf000 	C:\WINDOWS\System32\IMM32.DLL
0x00007ffb23300000 - 0x00007ffb2330c000 	C:\Program Files\Java\jdk-19.0.1\bin\vcruntime140_1.dll
0x00007ffafdc40000 - 0x00007ffafdcce000 	C:\Program Files\Java\jdk-19.0.1\bin\msvcp140.dll
0x00007ffaeec90000 - 0x00007ffaef950000 	C:\Program Files\Java\jdk-19.0.1\bin\server\jvm.dll
0x00007ffb62420000 - 0x00007ffb624d4000 	C:\WINDOWS\System32\ADVAPI32.dll
0x00007ffb61560000 - 0x00007ffb61606000 	C:\WINDOWS\System32\sechost.dll
0x00007ffb60830000 - 0x00007ffb60948000 	C:\WINDOWS\System32\RPCRT4.dll
0x00007ffb59150000 - 0x00007ffb59185000 	C:\WINDOWS\SYSTEM32\WINMM.dll
0x00007ffb49f20000 - 0x00007ffb49f2a000 	C:\WINDOWS\SYSTEM32\WSOCK32.dll
0x00007ffb59190000 - 0x00007ffb5919b000 	C:\WINDOWS\SYSTEM32\VERSION.dll
0x00007ffb62150000 - 0x00007ffb621c4000 	C:\WINDOWS\System32\WS2_32.dll
0x00007ffb5e8c0000 - 0x00007ffb5e8db000 	C:\WINDOWS\SYSTEM32\kernel.appcore.dll
0x00007ffb08e40000 - 0x00007ffb08e4a000 	C:\Program Files\Java\jdk-19.0.1\bin\jimage.dll
0x00007ffb54f20000 - 0x00007ffb55161000 	C:\WINDOWS\SYSTEM32\DBGHELP.DLL
0x00007ffb62590000 - 0x00007ffb62916000 	C:\WINDOWS\System32\combase.dll
0x00007ffb609d0000 - 0x00007ffb60ab0000 	C:\WINDOWS\System32\OLEAUT32.dll
0x00007ffb4bb90000 - 0x00007ffb4bbd3000 	C:\WINDOWS\SYSTEM32\dbgcore.DLL
0x00007ffb604f0000 - 0x00007ffb60589000 	C:\WINDOWS\System32\bcryptPrimitives.dll
0x00007ffb01020000 - 0x00007ffb01046000 	C:\Program Files\Java\jdk-19.0.1\bin\java.dll

dbghelp: loaded successfully - version: 4.0.5 - missing functions: none
symbol engine: initialized successfully - sym options: 0x614 - pdb path: .;C:\Program Files\Java\jdk-19.0.1\bin;C:\WINDOWS\SYSTEM32;C:\WINDOWS\WinSxS\amd64_microsoft.windows.common-controls_6595b64144ccf1df_6.0.26100.4484_none_3e0e6d4ce32ef3b3;C:\Program Files\Java\jdk-19.0.1\bin\server

VM Arguments:
jvm_args: -Dfile.encoding=windows-1252 -Duser.country=ZA -Duser.language=en -Duser.variant 
java_command: LVLupServer.LevelUpServer
java_class_path (initial): C:\Users\Shaun\Downloads\WRPV302\LevelUpServer\build\classes\java\main;C:\Users\Shaun\Downloads\WRPV302\LevelUpServer\build\resources\main;C:\Users\Shaun\Downloads\WRPV302\A4\Assignment4-224020846\Assignment4\SubscriberClient\LevelUpServer\src\LVLupServer\caches\modules-2\files-2.1\com.zaxxer\HikariCP\5.0.1\a74c7f0a37046846e88d54f7cb6ea6d565c65f9c\HikariCP-5.0.1.jar;C:\Users\Shaun\Downloads\WRPV302\A4\Assignment4-224020846\Assignment4\SubscriberClient\LevelUpServer\src\LVLupServer\caches\modules-2\files-2.1\com.mysql\mysql-connector-j\8.2.0\56d34aea30915904b1c883f1cfae731dd2df6029\mysql-connector-j-8.2.0.jar;C:\Users\Shaun\Downloads\WRPV302\A4\Assignment4-224020846\Assignment4\SubscriberClient\LevelUpServer\src\LVLupServer\caches\modules-2\files-2.1\org.springframework.security\spring-security-crypto\6.4.4\914088f7c73375ee02cbe69c159b6460dc2f346b\spring-security-crypto-6.4.4.jar;C:\Users\Shaun\Downloads\WRPV302\A4\Assignment4-224020846\Assignment4\SubscriberClient\LevelUpServer\src\LVLupServer\caches\modules-2\files-2.1\org.slf4j\slf4j-api\1.7.30\b5a4b6d16ab13e34a88fae84c35cd5d68cac922c\slf4j-api-1.7.30.jar;C:\Users\Shaun\Downloads\WRPV302\A4\Assignment4-224020846\Assignment4\SubscriberClient\LevelUpServer\src\LVLupServer\caches\modules-2\files-2.1\com.google.protobuf\protobuf-java\3.21.9\ed1240d9231044ce6ccf1978512f6e44416bb7e7\protobuf-java-3.21.9.jar
Launcher Type: SUN_STANDARD

[Global flags]
     intx CICompilerCount                          = 3                                         {product} {ergonomic}
     uint ConcGCThreads                            = 2                                         {product} {ergonomic}
     uint G1ConcRefinementThreads                  = 6                                         {product} {ergonomic}
   size_t G1HeapRegionSize                         = 2097152                                   {product} {ergonomic}
    uintx GCDrainStackTargetSize                   = 64                                        {product} {ergonomic}
   size_t InitialHeapSize                          = 268435456                                 {product} {ergonomic}
   size_t MarkStackSize                            = 4194304                                   {product} {ergonomic}
   size_t MaxHeapSize                              = 4276092928                                {product} {ergonomic}
   size_t MinHeapDeltaBytes                        = 2097152                                   {product} {ergonomic}
   size_t MinHeapSize                              = 8388608                                   {product} {ergonomic}
    uintx NonNMethodCodeHeapSize                   = 5832780                                {pd product} {ergonomic}
    uintx NonProfiledCodeHeapSize                  = 122912730                              {pd product} {ergonomic}
    uintx ProfiledCodeHeapSize                     = 122912730                              {pd product} {ergonomic}
    uintx ReservedCodeCacheSize                    = 251658240                              {pd product} {ergonomic}
     bool SegmentedCodeCache                       = true                                      {product} {ergonomic}
   size_t SoftMaxHeapSize                          = 4276092928                             {manageable} {ergonomic}
     bool UseCompressedClassPointers               = true                           {product lp64_product} {ergonomic}
     bool UseCompressedOops                        = true                           {product lp64_product} {ergonomic}
     bool UseG1GC                                  = true                                      {product} {ergonomic}
     bool UseLargePagesIndividualAllocation        = false                                  {pd product} {ergonomic}

Logging:
Log output configuration:
 #0: stdout all=warning uptime,level,tags foldmultilines=false
 #1: stderr all=off uptime,level,tags foldmultilines=false

Environment Variables:
JAVA_HOME=C:\Program Files\Java\jdk-21.0.1
PATH=C:\Program Files\Common Files\Oracle\Java\javapath;C:\Windows\system32;C:\Windows;C:\Windows\System32\Wbem;C:\Windows\System32\WindowsPowerShell\v1.0\;C:\Windows\System32\OpenSSH\;C:\Program Files\Java\jdk-19.0.1\bin;C:\Program Files\Microsoft SQL Server\150\Tools\Binn\;C:\Program Files\Microsoft SQL Server\Client SDK\ODBC\170\Tools\Binn\;C:\Program Files (x86)\Microsoft SQL Server\160\Tools\Binn\;C:\Program Files\Microsoft SQL Server\160\Tools\Binn\;C:\Program Files\Microsoft SQL Server\160\DTS\Binn\;C:\WINDOWS\system32;C:\WINDOWS;C:\WINDOWS\System32\Wbem;C:\WINDOWS\System32\WindowsPowerShell\v1.0\;C:\WINDOWS\System32\OpenSSH\;C:\Program Files\MySQL\MySQL Server 8.0\bin;C:\Program Files\Git\cmd;C:\Program Files\dotnet\;C:\Program Files\MySQL\MySQL Shell 8.0\bin\;C:\Users\Shaun\AppData\Local\Microsoft\WindowsApps;C:\Users\Shaun\.dotnet\tools;C:\Users\Shaun\AppData\Local\JetBrains\Toolbox\scripts;;C:\Users\Shaun\AppData\Local\Microsoft\WindowsApps;C:\Users\Shaun\AppData\Roaming\TinyTeX\bin\windows
USERNAME=Shaun
OS=Windows_NT
PROCESSOR_IDENTIFIER=AMD64 Family 23 Model 113 Stepping 0, AuthenticAMD
TMP=C:\Users\Shaun\AppData\Local\Temp
TEMP=C:\Users\Shaun\AppData\Local\Temp



---------------  S Y S T E M  ---------------

OS:
 Windows 11 , 64 bit Build 26100 (10.0.26100.4484)
OS uptime: 4 days 7:58 hours

CPU: total 6 (initial active 6) (6 cores per cpu, 1 threads per core) family 23 model 113 stepping 0 microcode 0x8701030, cx8, cmov, fxsr, mmx, 3dnowpref, sse, sse2, sse3, ssse3, sse4a, sse4.1, sse4.2, popcnt, lzcnt, tsc, tscinvbit, avx, avx2, aes, clmul, bmi1, bmi2, adx, sha, fma, vzeroupper, clflush, clflushopt, rdtscp, rdpid

Memory: 4k page, system-wide physical 16309M (1440M free)
TotalPageFile size 30309M (AvailPageFile size 235M)
current process WorkingSet (physical memory assigned to process): 12M, peak: 12M
current process commit charge ("private bytes"): 56M, peak: 312M

vm_info: OpenJDK 64-Bit Server VM (19.0.1+10-21) for windows-amd64 JRE (19.0.1+10-21), built on 2022-09-14T12:45:06Z by "mach5one" with MS VC++ 17.1 (VS2022)

END.
